<?xml version="1.0" encoding="UTF-8"?>
<!-- Generated by org.testng.reporters.JUnitReportReporter -->
<testsuite skipped="0" hostname="DESKTOP-D1STLU7" name="ctsNaukriProject.Runner.ctsNaukriProjectRunner" tests="1" failures="0" timestamp="2020-04-13T08:46:33 IST" time="125.891" errors="0">
  <testcase name="login" time="125.891" classname="ctsNaukriProject.Runner.ctsNaukriProjectRunner"/>
  <system-out/>
</testsuite> <!-- ctsNaukriProject.Runner.ctsNaukriProjectRunner -->
