<?xml version="1.0" encoding="UTF-8"?>
<!-- Generated by org.testng.reporters.JUnitReportReporter -->
<testsuite skipped="0" hostname="DESKTOP-D1STLU7" name="ctsNaukriProject.Runner.ctsNaukriProjectRunner3" tests="1" failures="0" timestamp="2020-04-13T08:46:33 IST" time="46.212" errors="0">
  <testcase name="login" time="46.212" classname="ctsNaukriProject.Runner.ctsNaukriProjectRunner3"/>
  <system-out/>
</testsuite> <!-- ctsNaukriProject.Runner.ctsNaukriProjectRunner3 -->
